0 info it worked if it ends with ok
1 verbose cli [ 'G:\\Program Files (x86)\\nodejs\\node.exe',
1 verbose cli   'G:\\Program Files (x86)\\nodejs\\node_modules\\npm\\bin\\npm-cli.js',
1 verbose cli   'start' ]
2 info using npm@3.10.10
3 info using node@v6.11.0
4 verbose run-script [ 'prestart', 'start', 'poststart' ]
5 info lifecycle checkin@0.0.0~prestart: checkin@0.0.0
6 silly lifecycle checkin@0.0.0~prestart: no script for prestart, continuing
7 info lifecycle checkin@0.0.0~start: checkin@0.0.0
8 verbose lifecycle checkin@0.0.0~start: unsafe-perm in lifecycle true
9 verbose lifecycle checkin@0.0.0~start: PATH: G:\Program Files (x86)\nodejs\node_modules\npm\bin\node-gyp-bin;C:\Users\Дом\Courses\checkin\node_modules\.bin;C:\Users\Дом\AppData\Roaming\npm;G:\Program Files (x86)\nodejs\;C:\ProgramData\Oracle\Java\javapath;C:\WINDOWS\system32;C:\WINDOWS;C:\WINDOWS\System32\Wbem;C:\WINDOWS\System32\WindowsPowerShell\v1.0\;C:\Program Files (x86)\NVIDIA Corporation\PhysX\Common;C:\Program Files\Microsoft SQL Server\110\Tools\Binn\;C:\Program Files\Microsoft\Web Platform Installer\;C:\Program Files (x86)\Microsoft ASP.NET\ASP.NET Web Pages\v1.0\;C:\Program Files\Common Files\Autodesk Shared\;C:\Program Files (x86)\Autodesk\Backburner\;G:\Программы\3ds max 2009\;C:\Program Files (x86)\QuickTime\QTSystem\;G:\Программы\Python34\;G:\Программы\Python34\Scripts;C:\Program Files (x86)\GtkSharp\2.12\bin;C:\Program Files (x86)\Windows Kits\8.0\Windows Performance Toolkit\;C:\Program Files (x86)\Microsoft SQL Server\110\Tools\Binn\;C:\Program Files\Microsoft SQL Server\110\DTS\Binn\;C:\Program Files (x86)\Microsoft SQL Server\110\Tools\Binn\ManagementStudio\;C:\Program Files (x86)\Microsoft Visual Studio 10.0\Common7\IDE\PrivateAssemblies\;C:\Program Files (x86)\Microsoft SQL Server\110\DTS\Binn\;C:\WINDOWS\system32;C:\WINDOWS;C:\WINDOWS\System32\Wbem;C:\WINDOWS\System32\WindowsPowerShell\v1.0\;G:\Program Files (x86)\Git\cmd;G:\OpenServer\OpenServer\modules\php\PHP-7.1-x64;C:\Program Files (x86)\Skype\Phone\;C:\Program Files\Java\jdk1.8.0_121\bin\;G:\Program Files (x86)\Brackets\command;G:\Program Files (x86)\nodejs\;C:\Users\Дом\AppData\Local\Microsoft\WindowsApps;C:\Users\Дом\AppData\Roaming\npm;C:\Users\Дом\AppData\Local\GitHubDesktop\bin;C:\Program Files\Heroku\bin
10 verbose lifecycle checkin@0.0.0~start: CWD: C:\Users\Дом\Courses\checkin
11 silly lifecycle checkin@0.0.0~start: Args: [ '/d /s /c', 'node ./bin/www' ]
12 silly lifecycle checkin@0.0.0~start: Returned: code: 1  signal: null
13 info lifecycle checkin@0.0.0~start: Failed to exec start script
14 verbose stack Error: checkin@0.0.0 start: `node ./bin/www`
14 verbose stack Exit status 1
14 verbose stack     at EventEmitter.<anonymous> (G:\Program Files (x86)\nodejs\node_modules\npm\lib\utils\lifecycle.js:255:16)
14 verbose stack     at emitTwo (events.js:106:13)
14 verbose stack     at EventEmitter.emit (events.js:191:7)
14 verbose stack     at ChildProcess.<anonymous> (G:\Program Files (x86)\nodejs\node_modules\npm\lib\utils\spawn.js:40:14)
14 verbose stack     at emitTwo (events.js:106:13)
14 verbose stack     at ChildProcess.emit (events.js:191:7)
14 verbose stack     at maybeClose (internal/child_process.js:891:16)
14 verbose stack     at Process.ChildProcess._handle.onexit (internal/child_process.js:226:5)
15 verbose pkgid checkin@0.0.0
16 verbose cwd C:\Users\Дом\Courses\checkin
17 error Windows_NT 10.0.15063
18 error argv "G:\\Program Files (x86)\\nodejs\\node.exe" "G:\\Program Files (x86)\\nodejs\\node_modules\\npm\\bin\\npm-cli.js" "start"
19 error node v6.11.0
20 error npm  v3.10.10
21 error code ELIFECYCLE
22 error checkin@0.0.0 start: `node ./bin/www`
22 error Exit status 1
23 error Failed at the checkin@0.0.0 start script 'node ./bin/www'.
23 error Make sure you have the latest version of node.js and npm installed.
23 error If you do, this is most likely a problem with the checkin package,
23 error not with npm itself.
23 error Tell the author that this fails on your system:
23 error     node ./bin/www
23 error You can get information on how to open an issue for this project with:
23 error     npm bugs checkin
23 error Or if that isn't available, you can get their info via:
23 error     npm owner ls checkin
23 error There is likely additional logging output above.
24 verbose exit [ 1, true ]
